c:\users\nathan egener\documents\university\mech 415\mech415-master\debug\vc142.pdb
c:\users\nathan egener\documents\university\mech 415\mech415-master\debug\vc142.idb
c:\users\nathan egener\documents\university\mech 415\mech415-master\debug\udp_com6.obj
c:\users\nathan egener\documents\university\mech 415\mech415-master\debug\udp_com.obj
c:\users\nathan egener\documents\university\mech 415\mech415-master\debug\timer.obj
c:\users\nathan egener\documents\university\mech 415\mech415-master\debug\scenehandler.obj
c:\users\nathan egener\documents\university\mech 415\mech415-master\debug\tile.obj
c:\users\nathan egener\documents\university\mech 415\mech415-master\debug\map.obj
c:\users\nathan egener\documents\university\mech 415\mech415-master\debug\levels.obj
c:\users\nathan egener\documents\university\mech 415\mech415-master\debug\gameobject.obj
c:\users\nathan egener\documents\university\mech 415\mech415-master\debug\game.obj
c:\users\nathan egener\documents\university\mech 415\mech415-master\debug\player.obj
c:\users\nathan egener\documents\university\mech 415\mech415-master\debug\entity.obj
c:\users\nathan egener\documents\university\mech 415\mech415-master\debug\turret.obj
c:\users\nathan egener\documents\university\mech 415\mech415-master\debug\smallboy.obj
c:\users\nathan egener\documents\university\mech 415\mech415-master\debug\enemy.obj
c:\users\nathan egener\documents\university\mech 415\mech415-master\debug\bullethandler.obj
c:\users\nathan egener\documents\university\mech 415\mech415-master\debug\bullet.obj
c:\users\nathan egener\documents\university\mech 415\mech415-master\debug\program.ilk
c:\users\nathan egener\documents\university\mech 415\mech415-master\debug\program.exe
c:\users\nathan egener\documents\university\mech 415\mech415-master\debug\program.pdb
c:\users\nathan egener\documents\university\mech 415\mech415-master\debug\program.tlog\cl.command.1.tlog
c:\users\nathan egener\documents\university\mech 415\mech415-master\debug\program.tlog\cl.read.1.tlog
c:\users\nathan egener\documents\university\mech 415\mech415-master\debug\program.tlog\cl.write.1.tlog
c:\users\nathan egener\documents\university\mech 415\mech415-master\debug\program.tlog\link.command.1.tlog
c:\users\nathan egener\documents\university\mech 415\mech415-master\debug\program.tlog\link.read.1.tlog
c:\users\nathan egener\documents\university\mech 415\mech415-master\debug\program.tlog\link.write.1.tlog
