  Bullet.cpp
C:\Users\Jeremy\Desktop\Coding\00_0GAME - Current\src\Bullet\Bullet.cpp(14,10): warning C4244: '=': conversion from 'double' to 'float', possible loss of data
  BulletHandler.cpp
  Cannonboy.cpp
C:\Users\Jeremy\Desktop\Coding\00_0GAME - Current\src\Entities\Enemies\Cannonboy\Cannonboy.cpp(18,19): warning C4305: '=': truncation from 'double' to 'float'
  Enemy.cpp
C:\Users\Jeremy\Desktop\Coding\00_0GAME - Current\src\Entities\Enemies\Enemy.cpp(42,29): warning C4101: 'aim_dir': unreferenced local variable
  Largeboy.cpp
C:\Users\Jeremy\Desktop\Coding\00_0GAME - Current\src\Entities\Enemies\Largeboy\Largeboy.cpp(17,19): warning C4305: '=': truncation from 'double' to 'float'
  Smallboy.cpp
C:\Users\Jeremy\Desktop\Coding\00_0GAME - Current\src\Entities\Enemies\Smallboy\Smallboy.cpp(21,19): warning C4305: '=': truncation from 'double' to 'float'
  Turret.cpp
C:\Users\Jeremy\Desktop\Coding\00_0GAME - Current\src\Entities\Enemies\Turret\Turret.cpp(20,19): warning C4305: '=': truncation from 'double' to 'float'
  Entity.cpp
C:\Users\Jeremy\Desktop\Coding\00_0GAME - Current\src\Entities\Entity.cpp(7,17): warning C4244: '=': conversion from 'float' to 'int', possible loss of data
C:\Users\Jeremy\Desktop\Coding\00_0GAME - Current\src\Entities\Entity.cpp(8,18): warning C4244: '=': conversion from 'float' to 'int', possible loss of data
C:\Users\Jeremy\Desktop\Coding\00_0GAME - Current\src\Entities\Entity.cpp(43,53): warning C4244: 'argument': conversion from 'int' to 'float', possible loss of data
C:\Users\Jeremy\Desktop\Coding\00_0GAME - Current\src\Entities\Entity.cpp(43,9): warning C4244: 'argument': conversion from 'double' to 'float', possible loss of data
C:\Users\Jeremy\Desktop\Coding\00_0GAME - Current\src\Entities\Entity.cpp(42,39): warning C4244: 'argument': conversion from 'double' to 'float', possible loss of data
C:\Users\Jeremy\Desktop\Coding\00_0GAME - Current\src\Entities\Entity.cpp(50,33): warning C4244: '=': conversion from 'double' to 'float', possible loss of data
C:\Users\Jeremy\Desktop\Coding\00_0GAME - Current\src\Entities\Entity.cpp(51,33): warning C4244: '=': conversion from 'double' to 'float', possible loss of data
C:\Users\Jeremy\Desktop\Coding\00_0GAME - Current\src\Entities\Entity.cpp(54,31): warning C4244: '=': conversion from 'int' to 'float', possible loss of data
C:\Users\Jeremy\Desktop\Coding\00_0GAME - Current\src\Entities\Entity.cpp(55,32): warning C4244: '=': conversion from 'int' to 'float', possible loss of data
  Player.cpp
C:\Users\Jeremy\Desktop\Coding\00_0GAME - Current\src\Entities\Player\Player.cpp(42,17): warning C4244: '=': conversion from 'float' to 'int', possible loss of data
C:\Users\Jeremy\Desktop\Coding\00_0GAME - Current\src\Entities\Player\Player.cpp(43,18): warning C4244: '=': conversion from 'float' to 'int', possible loss of data
  Game.cpp
C:\Users\Jeremy\Desktop\Coding\00_0GAME - Current\src\Game.cpp(22,65): warning C4305: 'initializing': truncation from 'double' to 'float'
C:\Users\Jeremy\Desktop\Coding\00_0GAME - Current\src\Game.cpp(198,23): warning C4305: '-=': truncation from 'double' to 'float'
C:\Users\Jeremy\Desktop\Coding\00_0GAME - Current\src\Game.cpp(81,2): warning C4996: 'strcpy': This function or variable may be unsafe. Consider using strcpy_s instead. To disable deprecation, use _CRT_SECURE_NO_WARNINGS. See online help for details.
  Map.cpp
C:\Users\Jeremy\Desktop\Coding\00_0GAME - Current\src\Map\Map.cpp(7,12): warning C4244: '=': conversion from 'double' to 'float', possible loss of data
C:\Users\Jeremy\Desktop\Coding\00_0GAME - Current\src\Map\Map.cpp(8,12): warning C4244: '=': conversion from 'double' to 'float', possible loss of data
C:\Users\Jeremy\Desktop\Coding\00_0GAME - Current\src\Map\Map.cpp(12,31): warning C4244: '=': conversion from 'double' to 'int', possible loss of data
C:\Users\Jeremy\Desktop\Coding\00_0GAME - Current\src\Map\Map.cpp(56,15): warning C4244: 'initializing': conversion from 'double' to 'float', possible loss of data
C:\Users\Jeremy\Desktop\Coding\00_0GAME - Current\src\Map\Map.cpp(56,48): warning C4244: 'initializing': conversion from 'double' to 'float', possible loss of data
C:\Users\Jeremy\Desktop\Coding\00_0GAME - Current\src\Map\Map.cpp(57,20): warning C4018: '<': signed/unsigned mismatch
  Tile.cpp
  Generating Code...
  program.vcxproj -> C:\Users\Jeremy\Desktop\Coding\00_0GAME - Current\.\Debug\program.exe
